<?xml version="1.0" encoding="UTF-8"?>
<testng-results ignored="0" total="2" passed="2" failed="0" skipped="0">
  <reporter-output>
  </reporter-output>
  <suite started-at="2024-04-06T13:26:09 EDT" name="Default suite" finished-at="2024-04-06T13:26:09 EDT" duration-ms="70">
    <groups>
    </groups>
    <test started-at="2024-04-06T13:26:09 EDT" name="Default test" finished-at="2024-04-06T13:26:09 EDT" duration-ms="70">
      <class name="com.neotech.lesson01.MoreTestNGAnnotiations">
        <test-method is-config="true" signature="beforeTest()[pri:0, instance:com.neotech.lesson01.MoreTestNGAnnotiations@c267ef4]" started-at="2024-04-06T13:26:09 EDT" name="beforeTest" finished-at="2024-04-06T13:26:09 EDT" duration-ms="7" status="PASS">
          <reporter-output>
          </reporter-output>
        </test-method> <!-- beforeTest -->
        <test-method is-config="true" signature="beforeClass()[pri:0, instance:com.neotech.lesson01.MoreTestNGAnnotiations@c267ef4]" started-at="2024-04-06T13:26:09 EDT" name="beforeClass" finished-at="2024-04-06T13:26:09 EDT" duration-ms="1" status="PASS">
          <reporter-output>
          </reporter-output>
        </test-method> <!-- beforeClass -->
        <test-method is-config="true" signature="beforeMethod()[pri:0, instance:com.neotech.lesson01.MoreTestNGAnnotiations@c267ef4]" started-at="2024-04-06T13:26:09 EDT" name="beforeMethod" finished-at="2024-04-06T13:26:09 EDT" duration-ms="1" status="PASS">
          <reporter-output>
          </reporter-output>
        </test-method> <!-- beforeMethod -->
        <test-method signature="testOne()[pri:0, instance:com.neotech.lesson01.MoreTestNGAnnotiations@c267ef4]" started-at="2024-04-06T13:26:09 EDT" name="testOne" finished-at="2024-04-06T13:26:09 EDT" duration-ms="9" status="PASS">
          <reporter-output>
          </reporter-output>
        </test-method> <!-- testOne -->
        <test-method is-config="true" signature="afterMethod()[pri:0, instance:com.neotech.lesson01.MoreTestNGAnnotiations@c267ef4]" started-at="2024-04-06T13:26:09 EDT" name="afterMethod" finished-at="2024-04-06T13:26:09 EDT" duration-ms="1" status="PASS">
          <reporter-output>
          </reporter-output>
        </test-method> <!-- afterMethod -->
        <test-method signature="testTwo()[pri:0, instance:com.neotech.lesson01.MoreTestNGAnnotiations@c267ef4]" started-at="2024-04-06T13:26:09 EDT" name="testTwo" finished-at="2024-04-06T13:26:09 EDT" duration-ms="7" status="PASS">
          <reporter-output>
          </reporter-output>
        </test-method> <!-- testTwo -->
        <test-method is-config="true" signature="beforeMethod()[pri:0, instance:com.neotech.lesson01.MoreTestNGAnnotiations@c267ef4]" started-at="2024-04-06T13:26:09 EDT" name="beforeMethod" finished-at="2024-04-06T13:26:09 EDT" duration-ms="0" status="PASS">
          <reporter-output>
          </reporter-output>
        </test-method> <!-- beforeMethod -->
        <test-method is-config="true" signature="afterMethod()[pri:0, instance:com.neotech.lesson01.MoreTestNGAnnotiations@c267ef4]" started-at="2024-04-06T13:26:09 EDT" name="afterMethod" finished-at="2024-04-06T13:26:09 EDT" duration-ms="0" status="PASS">
          <reporter-output>
          </reporter-output>
        </test-method> <!-- afterMethod -->
        <test-method is-config="true" signature="afterClass()[pri:0, instance:com.neotech.lesson01.MoreTestNGAnnotiations@c267ef4]" started-at="2024-04-06T13:26:09 EDT" name="afterClass" finished-at="2024-04-06T13:26:09 EDT" duration-ms="0" status="PASS">
          <reporter-output>
          </reporter-output>
        </test-method> <!-- afterClass -->
        <test-method is-config="true" signature="afterTest()[pri:0, instance:com.neotech.lesson01.MoreTestNGAnnotiations@c267ef4]" started-at="2024-04-06T13:26:09 EDT" name="afterTest" finished-at="2024-04-06T13:26:09 EDT" duration-ms="0" status="PASS">
          <reporter-output>
          </reporter-output>
        </test-method> <!-- afterTest -->
      </class> <!-- com.neotech.lesson01.MoreTestNGAnnotiations -->
    </test> <!-- Default test -->
  </suite> <!-- Default suite -->
</testng-results>
